<?xml version="1.0" encoding="UTF-8"?>
<!-- Generated by org.testng.reporters.JUnitXMLReporter -->
<testsuite hostname="VAIO" ignored="1" name="ValidateTitle" tests="1" failures="0" timestamp="2020-05-28T15:50:55 IST" time="6.254" errors="0">
  <testcase name="basePageNavigation" time="0.079" classname="Academy.E2EProject.ValidateTitle"/>
  <testcase name="veryFirst" time="0.0" classname="Academy.E2EProject.ValidateTitle">
    <ignored/>
  </testcase> <!-- veryFirst -->
</testsuite> <!-- ValidateTitle -->
