<?xml version="1.0" encoding="UTF-8"?>
<!-- Generated by org.testng.reporters.JUnitXMLReporter -->
<testsuite hostname="VAIO" ignored="1" name="Validate    Navigation Bar" tests="1" failures="0" timestamp="2020-05-24T13:29:07 IST" time="18.689" errors="0">
  <testcase name="basePageNavigation" time="12.4" classname="Academy.E2EProject.ValidateNavigationBar"/>
  <testcase name="veryFirst" time="0.0" classname="Academy.E2EProject.ValidateNavigationBar">
    <ignored/>
  </testcase> <!-- veryFirst -->
</testsuite> <!-- Validate    Navigation Bar -->
