<?xml version="1.0" encoding="UTF-8"?>
<!-- Generated by org.testng.reporters.JUnitXMLReporter -->
<testsuite hostname="VAIO" ignored="1" name="Validate  Title" tests="1" failures="0" timestamp="2020-05-24T13:29:14 IST" time="6.425" errors="0">
  <testcase name="basePageNavigation" time="0.122" classname="Academy.E2EProject.ValidateTitle"/>
  <testcase name="veryFirst" time="0.0" classname="Academy.E2EProject.ValidateTitle">
    <ignored/>
  </testcase> <!-- veryFirst -->
</testsuite> <!-- Validate  Title -->
