<?xml version="1.0" encoding="UTF-8"?>
<!-- Generated by org.testng.reporters.JUnitXMLReporter -->
<testsuite hostname="VAIO" ignored="0" name="Validate Navigation Bar" tests="2" failures="0" timestamp="2020-05-28T15:50:49 IST" time="21.367" errors="0">
  <testcase name="basePageNavigation" time="12.308" classname="Academy.E2EProject.ValidateNavigationBar"/>
  <testcase name="veryFirst" time="2.003" classname="Academy.E2EProject.ValidateNavigationBar"/>
</testsuite> <!-- Validate Navigation Bar -->
